16 Mar 2025 22:31:08,221 INFO  ro.iss2025.medicineorderingsystem.repository.HospitalEmployeeRepo 20 <init> - Initializing HospitalEmployeeRepo with properties: {URL=jdbc:sqlite:D://Faculta//ISS//MedicineOrderingSystem//src//main//resources//ro//iss2025//medicineorderingsystem//SQLiteDb.db} 
16 Mar 2025 22:31:11,459 TRACE ro.iss2025.medicineorderingsystem.repository.HospitalEmployeeRepo 51 findByCredentials - Enter
16 Mar 2025 22:31:11,460 TRACE ro.iss2025.medicineorderingsystem.repository.JdbcUtils 47 getConnection - Enter
16 Mar 2025 22:31:11,460 TRACE ro.iss2025.medicineorderingsystem.repository.JdbcUtils 25 getNewConnection - Enter
16 Mar 2025 22:31:11,460 INFO  ro.iss2025.medicineorderingsystem.repository.JdbcUtils 30 getNewConnection - trying to connect to database ... jdbc:sqlite:D://Faculta//ISS//MedicineOrderingSystem//src//main//resources//ro//iss2025//medicineorderingsystem//SQLiteDb.db
16 Mar 2025 22:31:11,462 INFO  ro.iss2025.medicineorderingsystem.repository.JdbcUtils 31 getNewConnection - user: null
16 Mar 2025 22:31:11,462 INFO  ro.iss2025.medicineorderingsystem.repository.JdbcUtils 32 getNewConnection - pass: null
16 Mar 2025 22:31:11,592 TRACE ro.iss2025.medicineorderingsystem.repository.JdbcUtils 56 getConnection - Exit with(org.sqlite.jdbc4.JDBC4Connection@712819c0)
16 Mar 2025 22:31:11,597 TRACE ro.iss2025.medicineorderingsystem.repository.HospitalEmployeeRepo 72 findByCredentials - Exit with(ro.iss2025.medicineorderingsystem.domain.HospitalEmployee@2d2498a6)
16 Mar 2025 22:33:25,377 INFO  ro.iss2025.medicineorderingsystem.repository.HospitalEmployeeRepo 20 <init> - Initializing HospitalEmployeeRepo with properties: {URL=jdbc:sqlite:D://Faculta//ISS//MedicineOrderingSystem//src//main//resources//ro//iss2025//medicineorderingsystem//SQLiteDb.db} 
16 Mar 2025 22:33:36,783 INFO  ro.iss2025.medicineorderingsystem.repository.HospitalEmployeeRepo 20 <init> - Initializing HospitalEmployeeRepo with properties: {URL=jdbc:sqlite:D://Faculta//ISS//MedicineOrderingSystem//src//main//resources//ro//iss2025//medicineorderingsystem//SQLiteDb.db} 
16 Mar 2025 22:33:39,539 TRACE ro.iss2025.medicineorderingsystem.repository.HospitalEmployeeRepo 51 findByCredentials - Enter
16 Mar 2025 22:33:39,540 TRACE ro.iss2025.medicineorderingsystem.repository.JdbcUtils 47 getConnection - Enter
16 Mar 2025 22:33:39,540 TRACE ro.iss2025.medicineorderingsystem.repository.JdbcUtils 25 getNewConnection - Enter
16 Mar 2025 22:33:39,541 INFO  ro.iss2025.medicineorderingsystem.repository.JdbcUtils 30 getNewConnection - trying to connect to database ... jdbc:sqlite:D://Faculta//ISS//MedicineOrderingSystem//src//main//resources//ro//iss2025//medicineorderingsystem//SQLiteDb.db
16 Mar 2025 22:33:39,542 INFO  ro.iss2025.medicineorderingsystem.repository.JdbcUtils 31 getNewConnection - user: null
16 Mar 2025 22:33:39,542 INFO  ro.iss2025.medicineorderingsystem.repository.JdbcUtils 32 getNewConnection - pass: null
16 Mar 2025 22:33:39,679 TRACE ro.iss2025.medicineorderingsystem.repository.JdbcUtils 56 getConnection - Exit with(org.sqlite.jdbc4.JDBC4Connection@6181e309)
16 Mar 2025 22:33:39,685 TRACE ro.iss2025.medicineorderingsystem.repository.HospitalEmployeeRepo 72 findByCredentials - Exit with(ro.iss2025.medicineorderingsystem.domain.HospitalEmployee@35c022de)
16 Mar 2025 22:33:57,022 TRACE ro.iss2025.medicineorderingsystem.repository.HospitalEmployeeRepo 51 findByCredentials - Enter
16 Mar 2025 22:33:57,022 TRACE ro.iss2025.medicineorderingsystem.repository.JdbcUtils 47 getConnection - Enter
16 Mar 2025 22:33:57,023 TRACE ro.iss2025.medicineorderingsystem.repository.JdbcUtils 56 getConnection - Exit with(org.sqlite.jdbc4.JDBC4Connection@6181e309)
16 Mar 2025 22:33:57,025 TRACE ro.iss2025.medicineorderingsystem.repository.HospitalEmployeeRepo 64 findByCredentials - Exit with(ro.iss2025.medicineorderingsystem.domain.HospitalEmployee@2b273780)
16 Mar 2025 23:13:30,238 INFO  ro.iss2025.medicineorderingsystem.repository.HospitalEmployeeRepo 20 <init> - Initializing HospitalEmployeeRepo with properties: {URL=jdbc:sqlite:D://Faculta//ISS//MedicineOrderingSystem//src//main//resources//ro//iss2025//medicineorderingsystem//SQLiteDb.db} 
16 Mar 2025 23:13:50,718 INFO  ro.iss2025.medicineorderingsystem.repository.HospitalEmployeeRepo 20 <init> - Initializing HospitalEmployeeRepo with properties: {URL=jdbc:sqlite:D://Faculta//ISS//MedicineOrderingSystem//src//main//resources//ro//iss2025//medicineorderingsystem//SQLiteDb.db} 
16 Mar 2025 23:14:36,448 INFO  ro.iss2025.medicineorderingsystem.repository.HospitalEmployeeRepo 20 <init> - Initializing HospitalEmployeeRepo with properties: {URL=jdbc:sqlite:D://Faculta//ISS//MedicineOrderingSystem//src//main//resources//ro//iss2025//medicineorderingsystem//SQLiteDb.db} 
16 Mar 2025 23:15:26,991 INFO  ro.iss2025.medicineorderingsystem.repository.HospitalEmployeeRepo 20 <init> - Initializing HospitalEmployeeRepo with properties: {URL=jdbc:sqlite:D://Faculta//ISS//MedicineOrderingSystem//src//main//resources//ro//iss2025//medicineorderingsystem//SQLiteDb.db} 
16 Mar 2025 23:15:49,085 INFO  ro.iss2025.medicineorderingsystem.repository.HospitalEmployeeRepo 20 <init> - Initializing HospitalEmployeeRepo with properties: {URL=jdbc:sqlite:D://Faculta//ISS//MedicineOrderingSystem//src//main//resources//ro//iss2025//medicineorderingsystem//SQLiteDb.db} 
16 Mar 2025 23:16:21,507 INFO  ro.iss2025.medicineorderingsystem.repository.HospitalEmployeeRepo 20 <init> - Initializing HospitalEmployeeRepo with properties: {URL=jdbc:sqlite:D://Faculta//ISS//MedicineOrderingSystem//src//main//resources//ro//iss2025//medicineorderingsystem//SQLiteDb.db} 
16 Mar 2025 23:18:28,613 INFO  ro.iss2025.medicineorderingsystem.repository.HospitalEmployeeRepo 20 <init> - Initializing HospitalEmployeeRepo with properties: {URL=jdbc:sqlite:D://Faculta//ISS//MedicineOrderingSystem//src//main//resources//ro//iss2025//medicineorderingsystem//SQLiteDb.db} 
16 Mar 2025 23:18:53,022 INFO  ro.iss2025.medicineorderingsystem.repository.HospitalEmployeeRepo 20 <init> - Initializing HospitalEmployeeRepo with properties: {URL=jdbc:sqlite:D://Faculta//ISS//MedicineOrderingSystem//src//main//resources//ro//iss2025//medicineorderingsystem//SQLiteDb.db} 
16 Mar 2025 23:20:54,253 INFO  ro.iss2025.medicineorderingsystem.repository.HospitalEmployeeRepo 20 <init> - Initializing HospitalEmployeeRepo with properties: {URL=jdbc:sqlite:D://Faculta//ISS//MedicineOrderingSystem//src//main//resources//ro//iss2025//medicineorderingsystem//SQLiteDb.db} 
16 Mar 2025 23:21:29,178 INFO  ro.iss2025.medicineorderingsystem.repository.HospitalEmployeeRepo 20 <init> - Initializing HospitalEmployeeRepo with properties: {URL=jdbc:sqlite:D://Faculta//ISS//MedicineOrderingSystem//src//main//resources//ro//iss2025//medicineorderingsystem//SQLiteDb.db} 
16 Mar 2025 23:21:45,685 INFO  ro.iss2025.medicineorderingsystem.repository.HospitalEmployeeRepo 20 <init> - Initializing HospitalEmployeeRepo with properties: {URL=jdbc:sqlite:D://Faculta//ISS//MedicineOrderingSystem//src//main//resources//ro//iss2025//medicineorderingsystem//SQLiteDb.db} 
16 Mar 2025 23:22:15,990 INFO  ro.iss2025.medicineorderingsystem.repository.HospitalEmployeeRepo 20 <init> - Initializing HospitalEmployeeRepo with properties: {URL=jdbc:sqlite:D://Faculta//ISS//MedicineOrderingSystem//src//main//resources//ro//iss2025//medicineorderingsystem//SQLiteDb.db} 
16 Mar 2025 23:22:38,000 INFO  ro.iss2025.medicineorderingsystem.repository.HospitalEmployeeRepo 20 <init> - Initializing HospitalEmployeeRepo with properties: {URL=jdbc:sqlite:D://Faculta//ISS//MedicineOrderingSystem//src//main//resources//ro//iss2025//medicineorderingsystem//SQLiteDb.db} 
16 Mar 2025 23:22:56,535 INFO  ro.iss2025.medicineorderingsystem.repository.HospitalEmployeeRepo 20 <init> - Initializing HospitalEmployeeRepo with properties: {URL=jdbc:sqlite:D://Faculta//ISS//MedicineOrderingSystem//src//main//resources//ro//iss2025//medicineorderingsystem//SQLiteDb.db} 
16 Mar 2025 23:24:39,024 INFO  ro.iss2025.medicineorderingsystem.repository.HospitalEmployeeRepo 20 <init> - Initializing HospitalEmployeeRepo with properties: {URL=jdbc:sqlite:D://Faculta//ISS//MedicineOrderingSystem//src//main//resources//ro//iss2025//medicineorderingsystem//SQLiteDb.db} 
16 Mar 2025 23:25:01,102 INFO  ro.iss2025.medicineorderingsystem.repository.HospitalEmployeeRepo 20 <init> - Initializing HospitalEmployeeRepo with properties: {URL=jdbc:sqlite:D://Faculta//ISS//MedicineOrderingSystem//src//main//resources//ro//iss2025//medicineorderingsystem//SQLiteDb.db} 
16 Mar 2025 23:25:21,289 INFO  ro.iss2025.medicineorderingsystem.repository.HospitalEmployeeRepo 20 <init> - Initializing HospitalEmployeeRepo with properties: {URL=jdbc:sqlite:D://Faculta//ISS//MedicineOrderingSystem//src//main//resources//ro//iss2025//medicineorderingsystem//SQLiteDb.db} 
16 Mar 2025 23:25:35,212 INFO  ro.iss2025.medicineorderingsystem.repository.HospitalEmployeeRepo 20 <init> - Initializing HospitalEmployeeRepo with properties: {URL=jdbc:sqlite:D://Faculta//ISS//MedicineOrderingSystem//src//main//resources//ro//iss2025//medicineorderingsystem//SQLiteDb.db} 
16 Mar 2025 23:27:14,800 INFO  ro.iss2025.medicineorderingsystem.repository.HospitalEmployeeRepo 20 <init> - Initializing HospitalEmployeeRepo with properties: {URL=jdbc:sqlite:D://Faculta//ISS//MedicineOrderingSystem//src//main//resources//ro//iss2025//medicineorderingsystem//SQLiteDb.db} 
16 Mar 2025 23:27:28,512 INFO  ro.iss2025.medicineorderingsystem.repository.HospitalEmployeeRepo 20 <init> - Initializing HospitalEmployeeRepo with properties: {URL=jdbc:sqlite:D://Faculta//ISS//MedicineOrderingSystem//src//main//resources//ro//iss2025//medicineorderingsystem//SQLiteDb.db} 
16 Mar 2025 23:27:41,730 INFO  ro.iss2025.medicineorderingsystem.repository.HospitalEmployeeRepo 20 <init> - Initializing HospitalEmployeeRepo with properties: {URL=jdbc:sqlite:D://Faculta//ISS//MedicineOrderingSystem//src//main//resources//ro//iss2025//medicineorderingsystem//SQLiteDb.db} 
16 Mar 2025 23:28:03,438 INFO  ro.iss2025.medicineorderingsystem.repository.HospitalEmployeeRepo 20 <init> - Initializing HospitalEmployeeRepo with properties: {URL=jdbc:sqlite:D://Faculta//ISS//MedicineOrderingSystem//src//main//resources//ro//iss2025//medicineorderingsystem//SQLiteDb.db} 
16 Mar 2025 23:28:14,569 INFO  ro.iss2025.medicineorderingsystem.repository.HospitalEmployeeRepo 20 <init> - Initializing HospitalEmployeeRepo with properties: {URL=jdbc:sqlite:D://Faculta//ISS//MedicineOrderingSystem//src//main//resources//ro//iss2025//medicineorderingsystem//SQLiteDb.db} 
16 Mar 2025 23:28:33,831 INFO  ro.iss2025.medicineorderingsystem.repository.HospitalEmployeeRepo 20 <init> - Initializing HospitalEmployeeRepo with properties: {URL=jdbc:sqlite:D://Faculta//ISS//MedicineOrderingSystem//src//main//resources//ro//iss2025//medicineorderingsystem//SQLiteDb.db} 
16 Mar 2025 23:29:09,338 INFO  ro.iss2025.medicineorderingsystem.repository.HospitalEmployeeRepo 20 <init> - Initializing HospitalEmployeeRepo with properties: {URL=jdbc:sqlite:D://Faculta//ISS//MedicineOrderingSystem//src//main//resources//ro//iss2025//medicineorderingsystem//SQLiteDb.db} 
16 Mar 2025 23:29:23,703 INFO  ro.iss2025.medicineorderingsystem.repository.HospitalEmployeeRepo 20 <init> - Initializing HospitalEmployeeRepo with properties: {URL=jdbc:sqlite:D://Faculta//ISS//MedicineOrderingSystem//src//main//resources//ro//iss2025//medicineorderingsystem//SQLiteDb.db} 
16 Mar 2025 23:29:35,248 INFO  ro.iss2025.medicineorderingsystem.repository.HospitalEmployeeRepo 20 <init> - Initializing HospitalEmployeeRepo with properties: {URL=jdbc:sqlite:D://Faculta//ISS//MedicineOrderingSystem//src//main//resources//ro//iss2025//medicineorderingsystem//SQLiteDb.db} 
16 Mar 2025 23:29:49,190 INFO  ro.iss2025.medicineorderingsystem.repository.HospitalEmployeeRepo 20 <init> - Initializing HospitalEmployeeRepo with properties: {URL=jdbc:sqlite:D://Faculta//ISS//MedicineOrderingSystem//src//main//resources//ro//iss2025//medicineorderingsystem//SQLiteDb.db} 
16 Mar 2025 23:30:19,042 INFO  ro.iss2025.medicineorderingsystem.repository.HospitalEmployeeRepo 20 <init> - Initializing HospitalEmployeeRepo with properties: {URL=jdbc:sqlite:D://Faculta//ISS//MedicineOrderingSystem//src//main//resources//ro//iss2025//medicineorderingsystem//SQLiteDb.db} 
16 Mar 2025 23:30:29,667 INFO  ro.iss2025.medicineorderingsystem.repository.HospitalEmployeeRepo 20 <init> - Initializing HospitalEmployeeRepo with properties: {URL=jdbc:sqlite:D://Faculta//ISS//MedicineOrderingSystem//src//main//resources//ro//iss2025//medicineorderingsystem//SQLiteDb.db} 
16 Mar 2025 23:30:39,161 INFO  ro.iss2025.medicineorderingsystem.repository.HospitalEmployeeRepo 20 <init> - Initializing HospitalEmployeeRepo with properties: {URL=jdbc:sqlite:D://Faculta//ISS//MedicineOrderingSystem//src//main//resources//ro//iss2025//medicineorderingsystem//SQLiteDb.db} 
16 Mar 2025 23:30:50,617 INFO  ro.iss2025.medicineorderingsystem.repository.HospitalEmployeeRepo 20 <init> - Initializing HospitalEmployeeRepo with properties: {URL=jdbc:sqlite:D://Faculta//ISS//MedicineOrderingSystem//src//main//resources//ro//iss2025//medicineorderingsystem//SQLiteDb.db} 
16 Mar 2025 23:31:01,365 INFO  ro.iss2025.medicineorderingsystem.repository.HospitalEmployeeRepo 20 <init> - Initializing HospitalEmployeeRepo with properties: {URL=jdbc:sqlite:D://Faculta//ISS//MedicineOrderingSystem//src//main//resources//ro//iss2025//medicineorderingsystem//SQLiteDb.db} 
16 Mar 2025 23:31:11,488 INFO  ro.iss2025.medicineorderingsystem.repository.HospitalEmployeeRepo 20 <init> - Initializing HospitalEmployeeRepo with properties: {URL=jdbc:sqlite:D://Faculta//ISS//MedicineOrderingSystem//src//main//resources//ro//iss2025//medicineorderingsystem//SQLiteDb.db} 
16 Mar 2025 23:31:27,924 INFO  ro.iss2025.medicineorderingsystem.repository.HospitalEmployeeRepo 20 <init> - Initializing HospitalEmployeeRepo with properties: {URL=jdbc:sqlite:D://Faculta//ISS//MedicineOrderingSystem//src//main//resources//ro//iss2025//medicineorderingsystem//SQLiteDb.db} 
16 Mar 2025 23:31:44,209 INFO  ro.iss2025.medicineorderingsystem.repository.HospitalEmployeeRepo 20 <init> - Initializing HospitalEmployeeRepo with properties: {URL=jdbc:sqlite:D://Faculta//ISS//MedicineOrderingSystem//src//main//resources//ro//iss2025//medicineorderingsystem//SQLiteDb.db} 
16 Mar 2025 23:32:04,056 INFO  ro.iss2025.medicineorderingsystem.repository.HospitalEmployeeRepo 20 <init> - Initializing HospitalEmployeeRepo with properties: {URL=jdbc:sqlite:D://Faculta//ISS//MedicineOrderingSystem//src//main//resources//ro//iss2025//medicineorderingsystem//SQLiteDb.db} 
16 Mar 2025 23:33:07,500 INFO  ro.iss2025.medicineorderingsystem.repository.HospitalEmployeeRepo 20 <init> - Initializing HospitalEmployeeRepo with properties: {URL=jdbc:sqlite:D://Faculta//ISS//MedicineOrderingSystem//src//main//resources//ro//iss2025//medicineorderingsystem//SQLiteDb.db} 
16 Mar 2025 23:33:47,691 INFO  ro.iss2025.medicineorderingsystem.repository.HospitalEmployeeRepo 20 <init> - Initializing HospitalEmployeeRepo with properties: {URL=jdbc:sqlite:D://Faculta//ISS//MedicineOrderingSystem//src//main//resources//ro//iss2025//medicineorderingsystem//SQLiteDb.db} 
16 Mar 2025 23:33:59,152 INFO  ro.iss2025.medicineorderingsystem.repository.HospitalEmployeeRepo 20 <init> - Initializing HospitalEmployeeRepo with properties: {URL=jdbc:sqlite:D://Faculta//ISS//MedicineOrderingSystem//src//main//resources//ro//iss2025//medicineorderingsystem//SQLiteDb.db} 
16 Mar 2025 23:40:49,877 INFO  ro.iss2025.medicineorderingsystem.repository.HospitalEmployeeRepo 20 <init> - Initializing HospitalEmployeeRepo with properties: {URL=jdbc:sqlite:D://Faculta//ISS//MedicineOrderingSystem//src//main//resources//ro//iss2025//medicineorderingsystem//SQLiteDb.db} 
16 Mar 2025 23:40:49,880 INFO  ro.iss2025.medicineorderingsystem.repository.MedicineRepo 19 <init> - Initializing MedicineRepo with properties: {URL=jdbc:sqlite:D://Faculta//ISS//MedicineOrderingSystem//src//main//resources//ro//iss2025//medicineorderingsystem//SQLiteDb.db} 
16 Mar 2025 23:42:21,387 INFO  ro.iss2025.medicineorderingsystem.repository.HospitalEmployeeRepo 20 <init> - Initializing HospitalEmployeeRepo with properties: {URL=jdbc:sqlite:D://Faculta//ISS//MedicineOrderingSystem//src//main//resources//ro//iss2025//medicineorderingsystem//SQLiteDb.db} 
16 Mar 2025 23:42:21,390 INFO  ro.iss2025.medicineorderingsystem.repository.MedicineRepo 19 <init> - Initializing MedicineRepo with properties: {URL=jdbc:sqlite:D://Faculta//ISS//MedicineOrderingSystem//src//main//resources//ro//iss2025//medicineorderingsystem//SQLiteDb.db} 
16 Mar 2025 23:42:33,201 INFO  ro.iss2025.medicineorderingsystem.repository.HospitalEmployeeRepo 20 <init> - Initializing HospitalEmployeeRepo with properties: {URL=jdbc:sqlite:D://Faculta//ISS//MedicineOrderingSystem//src//main//resources//ro//iss2025//medicineorderingsystem//SQLiteDb.db} 
16 Mar 2025 23:42:33,204 INFO  ro.iss2025.medicineorderingsystem.repository.MedicineRepo 19 <init> - Initializing MedicineRepo with properties: {URL=jdbc:sqlite:D://Faculta//ISS//MedicineOrderingSystem//src//main//resources//ro//iss2025//medicineorderingsystem//SQLiteDb.db} 
16 Mar 2025 23:42:44,889 INFO  ro.iss2025.medicineorderingsystem.repository.HospitalEmployeeRepo 20 <init> - Initializing HospitalEmployeeRepo with properties: {URL=jdbc:sqlite:D://Faculta//ISS//MedicineOrderingSystem//src//main//resources//ro//iss2025//medicineorderingsystem//SQLiteDb.db} 
16 Mar 2025 23:42:44,892 INFO  ro.iss2025.medicineorderingsystem.repository.MedicineRepo 19 <init> - Initializing MedicineRepo with properties: {URL=jdbc:sqlite:D://Faculta//ISS//MedicineOrderingSystem//src//main//resources//ro//iss2025//medicineorderingsystem//SQLiteDb.db} 
16 Mar 2025 23:43:02,697 INFO  ro.iss2025.medicineorderingsystem.repository.HospitalEmployeeRepo 20 <init> - Initializing HospitalEmployeeRepo with properties: {URL=jdbc:sqlite:D://Faculta//ISS//MedicineOrderingSystem//src//main//resources//ro//iss2025//medicineorderingsystem//SQLiteDb.db} 
16 Mar 2025 23:43:02,701 INFO  ro.iss2025.medicineorderingsystem.repository.MedicineRepo 19 <init> - Initializing MedicineRepo with properties: {URL=jdbc:sqlite:D://Faculta//ISS//MedicineOrderingSystem//src//main//resources//ro//iss2025//medicineorderingsystem//SQLiteDb.db} 
16 Mar 2025 23:43:29,884 INFO  ro.iss2025.medicineorderingsystem.repository.HospitalEmployeeRepo 20 <init> - Initializing HospitalEmployeeRepo with properties: {URL=jdbc:sqlite:D://Faculta//ISS//MedicineOrderingSystem//src//main//resources//ro//iss2025//medicineorderingsystem//SQLiteDb.db} 
16 Mar 2025 23:43:29,887 INFO  ro.iss2025.medicineorderingsystem.repository.MedicineRepo 19 <init> - Initializing MedicineRepo with properties: {URL=jdbc:sqlite:D://Faculta//ISS//MedicineOrderingSystem//src//main//resources//ro//iss2025//medicineorderingsystem//SQLiteDb.db} 
16 Mar 2025 23:43:52,074 INFO  ro.iss2025.medicineorderingsystem.repository.HospitalEmployeeRepo 20 <init> - Initializing HospitalEmployeeRepo with properties: {URL=jdbc:sqlite:D://Faculta//ISS//MedicineOrderingSystem//src//main//resources//ro//iss2025//medicineorderingsystem//SQLiteDb.db} 
16 Mar 2025 23:43:52,078 INFO  ro.iss2025.medicineorderingsystem.repository.MedicineRepo 19 <init> - Initializing MedicineRepo with properties: {URL=jdbc:sqlite:D://Faculta//ISS//MedicineOrderingSystem//src//main//resources//ro//iss2025//medicineorderingsystem//SQLiteDb.db} 
16 Mar 2025 23:43:59,906 INFO  ro.iss2025.medicineorderingsystem.repository.HospitalEmployeeRepo 20 <init> - Initializing HospitalEmployeeRepo with properties: {URL=jdbc:sqlite:D://Faculta//ISS//MedicineOrderingSystem//src//main//resources//ro//iss2025//medicineorderingsystem//SQLiteDb.db} 
16 Mar 2025 23:43:59,909 INFO  ro.iss2025.medicineorderingsystem.repository.MedicineRepo 19 <init> - Initializing MedicineRepo with properties: {URL=jdbc:sqlite:D://Faculta//ISS//MedicineOrderingSystem//src//main//resources//ro//iss2025//medicineorderingsystem//SQLiteDb.db} 
16 Mar 2025 23:44:24,538 INFO  ro.iss2025.medicineorderingsystem.repository.HospitalEmployeeRepo 20 <init> - Initializing HospitalEmployeeRepo with properties: {URL=jdbc:sqlite:D://Faculta//ISS//MedicineOrderingSystem//src//main//resources//ro//iss2025//medicineorderingsystem//SQLiteDb.db} 
16 Mar 2025 23:44:24,543 INFO  ro.iss2025.medicineorderingsystem.repository.MedicineRepo 19 <init> - Initializing MedicineRepo with properties: {URL=jdbc:sqlite:D://Faculta//ISS//MedicineOrderingSystem//src//main//resources//ro//iss2025//medicineorderingsystem//SQLiteDb.db} 
16 Mar 2025 23:44:38,036 INFO  ro.iss2025.medicineorderingsystem.repository.HospitalEmployeeRepo 20 <init> - Initializing HospitalEmployeeRepo with properties: {URL=jdbc:sqlite:D://Faculta//ISS//MedicineOrderingSystem//src//main//resources//ro//iss2025//medicineorderingsystem//SQLiteDb.db} 
16 Mar 2025 23:44:38,039 INFO  ro.iss2025.medicineorderingsystem.repository.MedicineRepo 19 <init> - Initializing MedicineRepo with properties: {URL=jdbc:sqlite:D://Faculta//ISS//MedicineOrderingSystem//src//main//resources//ro//iss2025//medicineorderingsystem//SQLiteDb.db} 
16 Mar 2025 23:44:51,732 INFO  ro.iss2025.medicineorderingsystem.repository.HospitalEmployeeRepo 20 <init> - Initializing HospitalEmployeeRepo with properties: {URL=jdbc:sqlite:D://Faculta//ISS//MedicineOrderingSystem//src//main//resources//ro//iss2025//medicineorderingsystem//SQLiteDb.db} 
16 Mar 2025 23:44:51,735 INFO  ro.iss2025.medicineorderingsystem.repository.MedicineRepo 19 <init> - Initializing MedicineRepo with properties: {URL=jdbc:sqlite:D://Faculta//ISS//MedicineOrderingSystem//src//main//resources//ro//iss2025//medicineorderingsystem//SQLiteDb.db} 
16 Mar 2025 23:45:03,360 INFO  ro.iss2025.medicineorderingsystem.repository.HospitalEmployeeRepo 20 <init> - Initializing HospitalEmployeeRepo with properties: {URL=jdbc:sqlite:D://Faculta//ISS//MedicineOrderingSystem//src//main//resources//ro//iss2025//medicineorderingsystem//SQLiteDb.db} 
16 Mar 2025 23:45:03,363 INFO  ro.iss2025.medicineorderingsystem.repository.MedicineRepo 19 <init> - Initializing MedicineRepo with properties: {URL=jdbc:sqlite:D://Faculta//ISS//MedicineOrderingSystem//src//main//resources//ro//iss2025//medicineorderingsystem//SQLiteDb.db} 
16 Mar 2025 23:45:36,774 INFO  ro.iss2025.medicineorderingsystem.repository.HospitalEmployeeRepo 20 <init> - Initializing HospitalEmployeeRepo with properties: {URL=jdbc:sqlite:D://Faculta//ISS//MedicineOrderingSystem//src//main//resources//ro//iss2025//medicineorderingsystem//SQLiteDb.db} 
16 Mar 2025 23:45:36,777 INFO  ro.iss2025.medicineorderingsystem.repository.MedicineRepo 19 <init> - Initializing MedicineRepo with properties: {URL=jdbc:sqlite:D://Faculta//ISS//MedicineOrderingSystem//src//main//resources//ro//iss2025//medicineorderingsystem//SQLiteDb.db} 
16 Mar 2025 23:45:52,894 INFO  ro.iss2025.medicineorderingsystem.repository.HospitalEmployeeRepo 20 <init> - Initializing HospitalEmployeeRepo with properties: {URL=jdbc:sqlite:D://Faculta//ISS//MedicineOrderingSystem//src//main//resources//ro//iss2025//medicineorderingsystem//SQLiteDb.db} 
16 Mar 2025 23:45:52,898 INFO  ro.iss2025.medicineorderingsystem.repository.MedicineRepo 19 <init> - Initializing MedicineRepo with properties: {URL=jdbc:sqlite:D://Faculta//ISS//MedicineOrderingSystem//src//main//resources//ro//iss2025//medicineorderingsystem//SQLiteDb.db} 
16 Mar 2025 23:46:19,971 INFO  ro.iss2025.medicineorderingsystem.repository.HospitalEmployeeRepo 20 <init> - Initializing HospitalEmployeeRepo with properties: {URL=jdbc:sqlite:D://Faculta//ISS//MedicineOrderingSystem//src//main//resources//ro//iss2025//medicineorderingsystem//SQLiteDb.db} 
16 Mar 2025 23:46:19,974 INFO  ro.iss2025.medicineorderingsystem.repository.MedicineRepo 19 <init> - Initializing MedicineRepo with properties: {URL=jdbc:sqlite:D://Faculta//ISS//MedicineOrderingSystem//src//main//resources//ro//iss2025//medicineorderingsystem//SQLiteDb.db} 
16 Mar 2025 23:46:45,374 INFO  ro.iss2025.medicineorderingsystem.repository.HospitalEmployeeRepo 20 <init> - Initializing HospitalEmployeeRepo with properties: {URL=jdbc:sqlite:D://Faculta//ISS//MedicineOrderingSystem//src//main//resources//ro//iss2025//medicineorderingsystem//SQLiteDb.db} 
16 Mar 2025 23:46:45,378 INFO  ro.iss2025.medicineorderingsystem.repository.MedicineRepo 19 <init> - Initializing MedicineRepo with properties: {URL=jdbc:sqlite:D://Faculta//ISS//MedicineOrderingSystem//src//main//resources//ro//iss2025//medicineorderingsystem//SQLiteDb.db} 
16 Mar 2025 23:53:07,715 INFO  ro.iss2025.medicineorderingsystem.repository.HospitalEmployeeRepo 20 <init> - Initializing HospitalEmployeeRepo with properties: {URL=jdbc:sqlite:D://Faculta//ISS//MedicineOrderingSystem//src//main//resources//ro//iss2025//medicineorderingsystem//SQLiteDb.db} 
16 Mar 2025 23:53:07,719 INFO  ro.iss2025.medicineorderingsystem.repository.MedicineRepo 19 <init> - Initializing MedicineRepo with properties: {URL=jdbc:sqlite:D://Faculta//ISS//MedicineOrderingSystem//src//main//resources//ro//iss2025//medicineorderingsystem//SQLiteDb.db} 
16 Mar 2025 23:53:07,722 INFO  ro.iss2025.medicineorderingsystem.repository.OrderRepo 22 <init> - Initializing OrderRepo with properties: {URL=jdbc:sqlite:D://Faculta//ISS//MedicineOrderingSystem//src//main//resources//ro//iss2025//medicineorderingsystem//SQLiteDb.db} 
16 Mar 2025 23:53:15,242 TRACE ro.iss2025.medicineorderingsystem.repository.HospitalEmployeeRepo 51 findByCredentials - Enter
16 Mar 2025 23:53:15,243 TRACE ro.iss2025.medicineorderingsystem.repository.JdbcUtils 47 getConnection - Enter
16 Mar 2025 23:53:15,243 TRACE ro.iss2025.medicineorderingsystem.repository.JdbcUtils 25 getNewConnection - Enter
16 Mar 2025 23:53:15,243 INFO  ro.iss2025.medicineorderingsystem.repository.JdbcUtils 30 getNewConnection - trying to connect to database ... jdbc:sqlite:D://Faculta//ISS//MedicineOrderingSystem//src//main//resources//ro//iss2025//medicineorderingsystem//SQLiteDb.db
16 Mar 2025 23:53:15,245 INFO  ro.iss2025.medicineorderingsystem.repository.JdbcUtils 31 getNewConnection - user: null
16 Mar 2025 23:53:15,246 INFO  ro.iss2025.medicineorderingsystem.repository.JdbcUtils 32 getNewConnection - pass: null
16 Mar 2025 23:53:15,399 TRACE ro.iss2025.medicineorderingsystem.repository.JdbcUtils 56 getConnection - Exit with(org.sqlite.jdbc4.JDBC4Connection@23f632bd)
16 Mar 2025 23:53:15,405 TRACE ro.iss2025.medicineorderingsystem.repository.HospitalEmployeeRepo 64 findByCredentials - Exit with(ro.iss2025.medicineorderingsystem.domain.HospitalEmployee@23ea6458)
16 Mar 2025 23:53:18,546 TRACE ro.iss2025.medicineorderingsystem.repository.HospitalEmployeeRepo 51 findByCredentials - Enter
16 Mar 2025 23:53:18,546 TRACE ro.iss2025.medicineorderingsystem.repository.JdbcUtils 47 getConnection - Enter
16 Mar 2025 23:53:18,546 TRACE ro.iss2025.medicineorderingsystem.repository.JdbcUtils 56 getConnection - Exit with(org.sqlite.jdbc4.JDBC4Connection@23f632bd)
16 Mar 2025 23:53:18,547 TRACE ro.iss2025.medicineorderingsystem.repository.HospitalEmployeeRepo 64 findByCredentials - Exit with(ro.iss2025.medicineorderingsystem.domain.HospitalEmployee@18db3937)
16 Mar 2025 23:53:22,607 TRACE ro.iss2025.medicineorderingsystem.repository.HospitalEmployeeRepo 51 findByCredentials - Enter
16 Mar 2025 23:53:22,607 TRACE ro.iss2025.medicineorderingsystem.repository.JdbcUtils 47 getConnection - Enter
16 Mar 2025 23:53:22,607 TRACE ro.iss2025.medicineorderingsystem.repository.JdbcUtils 56 getConnection - Exit with(org.sqlite.jdbc4.JDBC4Connection@23f632bd)
16 Mar 2025 23:53:22,608 TRACE ro.iss2025.medicineorderingsystem.repository.HospitalEmployeeRepo 64 findByCredentials - Exit with(ro.iss2025.medicineorderingsystem.domain.HospitalEmployee@7773f9b0)
16 Mar 2025 23:53:44,275 INFO  ro.iss2025.medicineorderingsystem.repository.HospitalEmployeeRepo 20 <init> - Initializing HospitalEmployeeRepo with properties: {URL=jdbc:sqlite:D://Faculta//ISS//MedicineOrderingSystem//src//main//resources//ro//iss2025//medicineorderingsystem//SQLiteDb.db} 
16 Mar 2025 23:53:44,279 INFO  ro.iss2025.medicineorderingsystem.repository.MedicineRepo 19 <init> - Initializing MedicineRepo with properties: {URL=jdbc:sqlite:D://Faculta//ISS//MedicineOrderingSystem//src//main//resources//ro//iss2025//medicineorderingsystem//SQLiteDb.db} 
16 Mar 2025 23:53:44,281 INFO  ro.iss2025.medicineorderingsystem.repository.OrderRepo 22 <init> - Initializing OrderRepo with properties: {URL=jdbc:sqlite:D://Faculta//ISS//MedicineOrderingSystem//src//main//resources//ro//iss2025//medicineorderingsystem//SQLiteDb.db} 
16 Mar 2025 23:53:52,669 TRACE ro.iss2025.medicineorderingsystem.repository.HospitalEmployeeRepo 51 findByCredentials - Enter
16 Mar 2025 23:53:52,670 TRACE ro.iss2025.medicineorderingsystem.repository.JdbcUtils 47 getConnection - Enter
16 Mar 2025 23:53:52,670 TRACE ro.iss2025.medicineorderingsystem.repository.JdbcUtils 25 getNewConnection - Enter
16 Mar 2025 23:53:52,670 INFO  ro.iss2025.medicineorderingsystem.repository.JdbcUtils 30 getNewConnection - trying to connect to database ... jdbc:sqlite:D://Faculta//ISS//MedicineOrderingSystem//src//main//resources//ro//iss2025//medicineorderingsystem//SQLiteDb.db
16 Mar 2025 23:53:52,671 INFO  ro.iss2025.medicineorderingsystem.repository.JdbcUtils 31 getNewConnection - user: null
16 Mar 2025 23:53:52,671 INFO  ro.iss2025.medicineorderingsystem.repository.JdbcUtils 32 getNewConnection - pass: null
16 Mar 2025 23:53:52,805 TRACE ro.iss2025.medicineorderingsystem.repository.JdbcUtils 56 getConnection - Exit with(org.sqlite.jdbc4.JDBC4Connection@47b863f7)
16 Mar 2025 23:53:52,811 TRACE ro.iss2025.medicineorderingsystem.repository.HospitalEmployeeRepo 64 findByCredentials - Exit with(ro.iss2025.medicineorderingsystem.domain.HospitalEmployee@334d9bc8)
16 Mar 2025 23:54:20,468 INFO  ro.iss2025.medicineorderingsystem.repository.HospitalEmployeeRepo 20 <init> - Initializing HospitalEmployeeRepo with properties: {URL=jdbc:sqlite:D://Faculta//ISS//MedicineOrderingSystem//src//main//resources//ro//iss2025//medicineorderingsystem//SQLiteDb.db} 
16 Mar 2025 23:54:20,471 INFO  ro.iss2025.medicineorderingsystem.repository.MedicineRepo 19 <init> - Initializing MedicineRepo with properties: {URL=jdbc:sqlite:D://Faculta//ISS//MedicineOrderingSystem//src//main//resources//ro//iss2025//medicineorderingsystem//SQLiteDb.db} 
16 Mar 2025 23:54:20,473 INFO  ro.iss2025.medicineorderingsystem.repository.OrderRepo 22 <init> - Initializing OrderRepo with properties: {URL=jdbc:sqlite:D://Faculta//ISS//MedicineOrderingSystem//src//main//resources//ro//iss2025//medicineorderingsystem//SQLiteDb.db} 
16 Mar 2025 23:54:27,945 TRACE ro.iss2025.medicineorderingsystem.repository.HospitalEmployeeRepo 51 findByCredentials - Enter
16 Mar 2025 23:54:27,945 TRACE ro.iss2025.medicineorderingsystem.repository.JdbcUtils 47 getConnection - Enter
16 Mar 2025 23:54:27,946 TRACE ro.iss2025.medicineorderingsystem.repository.JdbcUtils 25 getNewConnection - Enter
16 Mar 2025 23:54:27,946 INFO  ro.iss2025.medicineorderingsystem.repository.JdbcUtils 30 getNewConnection - trying to connect to database ... jdbc:sqlite:D://Faculta//ISS//MedicineOrderingSystem//src//main//resources//ro//iss2025//medicineorderingsystem//SQLiteDb.db
16 Mar 2025 23:54:27,946 INFO  ro.iss2025.medicineorderingsystem.repository.JdbcUtils 31 getNewConnection - user: null
16 Mar 2025 23:54:27,946 INFO  ro.iss2025.medicineorderingsystem.repository.JdbcUtils 32 getNewConnection - pass: null
16 Mar 2025 23:54:28,094 TRACE ro.iss2025.medicineorderingsystem.repository.JdbcUtils 56 getConnection - Exit with(org.sqlite.jdbc4.JDBC4Connection@516ded2)
16 Mar 2025 23:54:28,100 TRACE ro.iss2025.medicineorderingsystem.repository.HospitalEmployeeRepo 64 findByCredentials - Exit with(ro.iss2025.medicineorderingsystem.domain.HospitalEmployee@be630d1)
16 Mar 2025 23:56:10,817 INFO  ro.iss2025.medicineorderingsystem.repository.HospitalEmployeeRepo 20 <init> - Initializing HospitalEmployeeRepo with properties: {URL=jdbc:sqlite:D://Faculta//ISS//MedicineOrderingSystem//src//main//resources//ro//iss2025//medicineorderingsystem//SQLiteDb.db} 
16 Mar 2025 23:56:10,820 INFO  ro.iss2025.medicineorderingsystem.repository.MedicineRepo 19 <init> - Initializing MedicineRepo with properties: {URL=jdbc:sqlite:D://Faculta//ISS//MedicineOrderingSystem//src//main//resources//ro//iss2025//medicineorderingsystem//SQLiteDb.db} 
16 Mar 2025 23:56:10,821 INFO  ro.iss2025.medicineorderingsystem.repository.OrderRepo 22 <init> - Initializing OrderRepo with properties: {URL=jdbc:sqlite:D://Faculta//ISS//MedicineOrderingSystem//src//main//resources//ro//iss2025//medicineorderingsystem//SQLiteDb.db} 
16 Mar 2025 23:56:18,704 TRACE ro.iss2025.medicineorderingsystem.repository.HospitalEmployeeRepo 51 findByCredentials - Enter
16 Mar 2025 23:56:18,705 TRACE ro.iss2025.medicineorderingsystem.repository.JdbcUtils 47 getConnection - Enter
16 Mar 2025 23:56:18,705 TRACE ro.iss2025.medicineorderingsystem.repository.JdbcUtils 25 getNewConnection - Enter
16 Mar 2025 23:56:18,705 INFO  ro.iss2025.medicineorderingsystem.repository.JdbcUtils 30 getNewConnection - trying to connect to database ... jdbc:sqlite:D://Faculta//ISS//MedicineOrderingSystem//src//main//resources//ro//iss2025//medicineorderingsystem//SQLiteDb.db
16 Mar 2025 23:56:18,705 INFO  ro.iss2025.medicineorderingsystem.repository.JdbcUtils 31 getNewConnection - user: null
16 Mar 2025 23:56:18,706 INFO  ro.iss2025.medicineorderingsystem.repository.JdbcUtils 32 getNewConnection - pass: null
16 Mar 2025 23:56:18,843 TRACE ro.iss2025.medicineorderingsystem.repository.JdbcUtils 56 getConnection - Exit with(org.sqlite.jdbc4.JDBC4Connection@33ef28ae)
16 Mar 2025 23:56:18,848 TRACE ro.iss2025.medicineorderingsystem.repository.HospitalEmployeeRepo 64 findByCredentials - Exit with(ro.iss2025.medicineorderingsystem.domain.HospitalEmployee@187afd70)
16 Mar 2025 23:56:37,977 INFO  ro.iss2025.medicineorderingsystem.repository.HospitalEmployeeRepo 20 <init> - Initializing HospitalEmployeeRepo with properties: {URL=jdbc:sqlite:D://Faculta//ISS//MedicineOrderingSystem//src//main//resources//ro//iss2025//medicineorderingsystem//SQLiteDb.db} 
16 Mar 2025 23:56:37,980 INFO  ro.iss2025.medicineorderingsystem.repository.MedicineRepo 19 <init> - Initializing MedicineRepo with properties: {URL=jdbc:sqlite:D://Faculta//ISS//MedicineOrderingSystem//src//main//resources//ro//iss2025//medicineorderingsystem//SQLiteDb.db} 
16 Mar 2025 23:56:37,981 INFO  ro.iss2025.medicineorderingsystem.repository.OrderRepo 22 <init> - Initializing OrderRepo with properties: {URL=jdbc:sqlite:D://Faculta//ISS//MedicineOrderingSystem//src//main//resources//ro//iss2025//medicineorderingsystem//SQLiteDb.db} 
16 Mar 2025 23:56:46,374 TRACE ro.iss2025.medicineorderingsystem.repository.HospitalEmployeeRepo 51 findByCredentials - Enter
16 Mar 2025 23:56:46,375 TRACE ro.iss2025.medicineorderingsystem.repository.JdbcUtils 47 getConnection - Enter
16 Mar 2025 23:56:46,375 TRACE ro.iss2025.medicineorderingsystem.repository.JdbcUtils 25 getNewConnection - Enter
16 Mar 2025 23:56:46,375 INFO  ro.iss2025.medicineorderingsystem.repository.JdbcUtils 30 getNewConnection - trying to connect to database ... jdbc:sqlite:D://Faculta//ISS//MedicineOrderingSystem//src//main//resources//ro//iss2025//medicineorderingsystem//SQLiteDb.db
16 Mar 2025 23:56:46,375 INFO  ro.iss2025.medicineorderingsystem.repository.JdbcUtils 31 getNewConnection - user: null
16 Mar 2025 23:56:46,376 INFO  ro.iss2025.medicineorderingsystem.repository.JdbcUtils 32 getNewConnection - pass: null
16 Mar 2025 23:56:46,515 TRACE ro.iss2025.medicineorderingsystem.repository.JdbcUtils 56 getConnection - Exit with(org.sqlite.jdbc4.JDBC4Connection@6da8f8b1)
16 Mar 2025 23:56:46,522 TRACE ro.iss2025.medicineorderingsystem.repository.HospitalEmployeeRepo 64 findByCredentials - Exit with(ro.iss2025.medicineorderingsystem.domain.HospitalEmployee@5cd2b99e)
16 Mar 2025 23:56:48,068 TRACE ro.iss2025.medicineorderingsystem.repository.HospitalEmployeeRepo 51 findByCredentials - Enter
16 Mar 2025 23:56:48,068 TRACE ro.iss2025.medicineorderingsystem.repository.JdbcUtils 47 getConnection - Enter
16 Mar 2025 23:56:48,069 TRACE ro.iss2025.medicineorderingsystem.repository.JdbcUtils 56 getConnection - Exit with(org.sqlite.jdbc4.JDBC4Connection@6da8f8b1)
16 Mar 2025 23:56:48,069 TRACE ro.iss2025.medicineorderingsystem.repository.HospitalEmployeeRepo 64 findByCredentials - Exit with(ro.iss2025.medicineorderingsystem.domain.HospitalEmployee@3d830858)
16 Mar 2025 23:56:50,042 TRACE ro.iss2025.medicineorderingsystem.repository.HospitalEmployeeRepo 51 findByCredentials - Enter
16 Mar 2025 23:56:50,042 TRACE ro.iss2025.medicineorderingsystem.repository.JdbcUtils 47 getConnection - Enter
16 Mar 2025 23:56:50,042 TRACE ro.iss2025.medicineorderingsystem.repository.JdbcUtils 56 getConnection - Exit with(org.sqlite.jdbc4.JDBC4Connection@6da8f8b1)
16 Mar 2025 23:56:50,044 TRACE ro.iss2025.medicineorderingsystem.repository.HospitalEmployeeRepo 64 findByCredentials - Exit with(ro.iss2025.medicineorderingsystem.domain.HospitalEmployee@15ce2492)
16 Mar 2025 23:58:34,040 INFO  ro.iss2025.medicineorderingsystem.repository.HospitalEmployeeRepo 20 <init> - Initializing HospitalEmployeeRepo with properties: {URL=jdbc:sqlite:D://Faculta//ISS//MedicineOrderingSystem//src//main//resources//ro//iss2025//medicineorderingsystem//SQLiteDb.db} 
16 Mar 2025 23:58:34,044 INFO  ro.iss2025.medicineorderingsystem.repository.MedicineRepo 19 <init> - Initializing MedicineRepo with properties: {URL=jdbc:sqlite:D://Faculta//ISS//MedicineOrderingSystem//src//main//resources//ro//iss2025//medicineorderingsystem//SQLiteDb.db} 
16 Mar 2025 23:58:34,047 INFO  ro.iss2025.medicineorderingsystem.repository.OrderRepo 22 <init> - Initializing OrderRepo with properties: {URL=jdbc:sqlite:D://Faculta//ISS//MedicineOrderingSystem//src//main//resources//ro//iss2025//medicineorderingsystem//SQLiteDb.db} 
16 Mar 2025 23:58:40,754 TRACE ro.iss2025.medicineorderingsystem.repository.HospitalEmployeeRepo 51 findByCredentials - Enter
16 Mar 2025 23:58:40,755 TRACE ro.iss2025.medicineorderingsystem.repository.JdbcUtils 47 getConnection - Enter
16 Mar 2025 23:58:40,755 TRACE ro.iss2025.medicineorderingsystem.repository.JdbcUtils 25 getNewConnection - Enter
16 Mar 2025 23:58:40,756 INFO  ro.iss2025.medicineorderingsystem.repository.JdbcUtils 30 getNewConnection - trying to connect to database ... jdbc:sqlite:D://Faculta//ISS//MedicineOrderingSystem//src//main//resources//ro//iss2025//medicineorderingsystem//SQLiteDb.db
16 Mar 2025 23:58:40,756 INFO  ro.iss2025.medicineorderingsystem.repository.JdbcUtils 31 getNewConnection - user: null
16 Mar 2025 23:58:40,756 INFO  ro.iss2025.medicineorderingsystem.repository.JdbcUtils 32 getNewConnection - pass: null
16 Mar 2025 23:58:40,883 TRACE ro.iss2025.medicineorderingsystem.repository.JdbcUtils 56 getConnection - Exit with(org.sqlite.jdbc4.JDBC4Connection@6f63deab)
16 Mar 2025 23:58:40,888 TRACE ro.iss2025.medicineorderingsystem.repository.HospitalEmployeeRepo 64 findByCredentials - Exit with(ro.iss2025.medicineorderingsystem.domain.HospitalEmployee@4f3dabcc)
17 Mar 2025 00:03:44,693 INFO  ro.iss2025.medicineorderingsystem.repository.HospitalEmployeeRepo 20 <init> - Initializing HospitalEmployeeRepo with properties: {URL=jdbc:sqlite:D://Faculta//ISS//MedicineOrderingSystem//src//main//resources//ro//iss2025//medicineorderingsystem//SQLiteDb.db} 
17 Mar 2025 00:03:44,697 INFO  ro.iss2025.medicineorderingsystem.repository.MedicineRepo 19 <init> - Initializing MedicineRepo with properties: {URL=jdbc:sqlite:D://Faculta//ISS//MedicineOrderingSystem//src//main//resources//ro//iss2025//medicineorderingsystem//SQLiteDb.db} 
17 Mar 2025 00:03:44,698 INFO  ro.iss2025.medicineorderingsystem.repository.OrderRepo 22 <init> - Initializing OrderRepo with properties: {URL=jdbc:sqlite:D://Faculta//ISS//MedicineOrderingSystem//src//main//resources//ro//iss2025//medicineorderingsystem//SQLiteDb.db} 
17 Mar 2025 00:04:11,724 INFO  ro.iss2025.medicineorderingsystem.repository.HospitalEmployeeRepo 20 <init> - Initializing HospitalEmployeeRepo with properties: {URL=jdbc:sqlite:D://Faculta//ISS//MedicineOrderingSystem//src//main//resources//ro//iss2025//medicineorderingsystem//SQLiteDb.db} 
17 Mar 2025 00:04:11,727 INFO  ro.iss2025.medicineorderingsystem.repository.MedicineRepo 19 <init> - Initializing MedicineRepo with properties: {URL=jdbc:sqlite:D://Faculta//ISS//MedicineOrderingSystem//src//main//resources//ro//iss2025//medicineorderingsystem//SQLiteDb.db} 
17 Mar 2025 00:04:11,729 INFO  ro.iss2025.medicineorderingsystem.repository.OrderRepo 22 <init> - Initializing OrderRepo with properties: {URL=jdbc:sqlite:D://Faculta//ISS//MedicineOrderingSystem//src//main//resources//ro//iss2025//medicineorderingsystem//SQLiteDb.db} 
17 Mar 2025 00:04:35,775 INFO  ro.iss2025.medicineorderingsystem.repository.HospitalEmployeeRepo 20 <init> - Initializing HospitalEmployeeRepo with properties: {URL=jdbc:sqlite:D://Faculta//ISS//MedicineOrderingSystem//src//main//resources//ro//iss2025//medicineorderingsystem//SQLiteDb.db} 
17 Mar 2025 00:04:35,778 INFO  ro.iss2025.medicineorderingsystem.repository.MedicineRepo 19 <init> - Initializing MedicineRepo with properties: {URL=jdbc:sqlite:D://Faculta//ISS//MedicineOrderingSystem//src//main//resources//ro//iss2025//medicineorderingsystem//SQLiteDb.db} 
17 Mar 2025 00:04:35,780 INFO  ro.iss2025.medicineorderingsystem.repository.OrderRepo 22 <init> - Initializing OrderRepo with properties: {URL=jdbc:sqlite:D://Faculta//ISS//MedicineOrderingSystem//src//main//resources//ro//iss2025//medicineorderingsystem//SQLiteDb.db} 
17 Mar 2025 00:04:43,251 TRACE ro.iss2025.medicineorderingsystem.repository.HospitalEmployeeRepo 51 findByCredentials - Enter
17 Mar 2025 00:04:43,252 TRACE ro.iss2025.medicineorderingsystem.repository.JdbcUtils 47 getConnection - Enter
17 Mar 2025 00:04:43,252 TRACE ro.iss2025.medicineorderingsystem.repository.JdbcUtils 25 getNewConnection - Enter
17 Mar 2025 00:04:43,253 INFO  ro.iss2025.medicineorderingsystem.repository.JdbcUtils 30 getNewConnection - trying to connect to database ... jdbc:sqlite:D://Faculta//ISS//MedicineOrderingSystem//src//main//resources//ro//iss2025//medicineorderingsystem//SQLiteDb.db
17 Mar 2025 00:04:43,253 INFO  ro.iss2025.medicineorderingsystem.repository.JdbcUtils 31 getNewConnection - user: null
17 Mar 2025 00:04:43,253 INFO  ro.iss2025.medicineorderingsystem.repository.JdbcUtils 32 getNewConnection - pass: null
17 Mar 2025 00:04:43,390 TRACE ro.iss2025.medicineorderingsystem.repository.JdbcUtils 56 getConnection - Exit with(org.sqlite.jdbc4.JDBC4Connection@23c94699)
17 Mar 2025 00:04:43,395 TRACE ro.iss2025.medicineorderingsystem.repository.HospitalEmployeeRepo 64 findByCredentials - Exit with(ro.iss2025.medicineorderingsystem.domain.HospitalEmployee@5c691e7c)
17 Mar 2025 00:07:42,700 INFO  ro.iss2025.medicineorderingsystem.repository.HospitalEmployeeRepo 20 <init> - Initializing HospitalEmployeeRepo with properties: {URL=jdbc:sqlite:D://Faculta//ISS//MedicineOrderingSystem//src//main//resources//ro//iss2025//medicineorderingsystem//SQLiteDb.db} 
17 Mar 2025 00:07:42,703 INFO  ro.iss2025.medicineorderingsystem.repository.MedicineRepo 19 <init> - Initializing MedicineRepo with properties: {URL=jdbc:sqlite:D://Faculta//ISS//MedicineOrderingSystem//src//main//resources//ro//iss2025//medicineorderingsystem//SQLiteDb.db} 
17 Mar 2025 00:07:42,704 INFO  ro.iss2025.medicineorderingsystem.repository.OrderRepo 22 <init> - Initializing OrderRepo with properties: {URL=jdbc:sqlite:D://Faculta//ISS//MedicineOrderingSystem//src//main//resources//ro//iss2025//medicineorderingsystem//SQLiteDb.db} 
